Analysis & Synthesis report for CS3421_RRK_Processor
Thu Dec 13 13:46:58 2018
Quartus Prime Version 18.1.0 Build 625 09/12/2018 SJ Lite Edition


---------------------
; Table of Contents ;
---------------------
  1. Legal Notice
  2. Analysis & Synthesis Summary
  3. Analysis & Synthesis Settings
  4. Parallel Compilation
  5. Analysis & Synthesis Source Files Read
  6. Analysis & Synthesis Resource Usage Summary
  7. Analysis & Synthesis Resource Utilization by Entity
  8. Analysis & Synthesis RAM Summary
  9. General Register Statistics
 10. Registers Packed Into Inferred Megafunctions
 11. Multiplexer Restructuring Statistics (Restructuring Performed)
 12. Source assignments for Register_File:RegFile|altsyncram:gpReg_rtl_0|altsyncram_6bj1:auto_generated
 13. Source assignments for Register_File:RegFile|altsyncram:gpReg_rtl_1|altsyncram_6bj1:auto_generated
 14. Source assignments for Data_Memory:DataMem|altsyncram:dataMemory_rtl_0|altsyncram_eg81:auto_generated
 15. Parameter Settings for Inferred Entity Instance: Register_File:RegFile|altsyncram:gpReg_rtl_0
 16. Parameter Settings for Inferred Entity Instance: Register_File:RegFile|altsyncram:gpReg_rtl_1
 17. Parameter Settings for Inferred Entity Instance: Data_Memory:DataMem|altsyncram:dataMemory_rtl_0
 18. altsyncram Parameter Settings by Entity Instance
 19. Port Connectivity Checks: "ALU:ArithLogUnit|adder32:adder32_1"
 20. Port Connectivity Checks: "adder32:PCBranch"
 21. Port Connectivity Checks: "adder32:PCPlus4_Mux"
 22. Post-Synthesis Netlist Statistics for Top Partition
 23. Elapsed Time Per Partition
 24. Analysis & Synthesis Messages



----------------
; Legal Notice ;
----------------
Copyright (C) 2018  Intel Corporation. All rights reserved.
Your use of Intel Corporation's design tools, logic functions 
and other software and tools, and its AMPP partner logic 
functions, and any output files from any of the foregoing 
(including device programming or simulation files), and any 
associated documentation or information are expressly subject 
to the terms and conditions of the Intel Program License 
Subscription Agreement, the Intel Quartus Prime License Agreement,
the Intel FPGA IP License Agreement, or other applicable license
agreement, including, without limitation, that your use is for
the sole purpose of programming logic devices manufactured by
Intel and sold by Intel or its authorized distributors.  Please
refer to the applicable agreement for further details.



+----------------------------------------------------------------------------------+
; Analysis & Synthesis Summary                                                     ;
+------------------------------------+---------------------------------------------+
; Analysis & Synthesis Status        ; Successful - Thu Dec 13 13:46:58 2018       ;
; Quartus Prime Version              ; 18.1.0 Build 625 09/12/2018 SJ Lite Edition ;
; Revision Name                      ; CS3421_RRK_Processor                        ;
; Top-level Entity Name              ; CS3421_RRK_Processor                        ;
; Family                             ; Cyclone IV E                                ;
; Total logic elements               ; 381                                         ;
;     Total combinational functions  ; 381                                         ;
;     Dedicated logic registers      ; 32                                          ;
; Total registers                    ; 32                                          ;
; Total pins                         ; 99                                          ;
; Total virtual pins                 ; 0                                           ;
; Total memory bits                  ; 34,816                                      ;
; Embedded Multiplier 9-bit elements ; 0                                           ;
; Total PLLs                         ; 0                                           ;
+------------------------------------+---------------------------------------------+


+----------------------------------------------------------------------------------------------------------------+
; Analysis & Synthesis Settings                                                                                  ;
+------------------------------------------------------------------+----------------------+----------------------+
; Option                                                           ; Setting              ; Default Value        ;
+------------------------------------------------------------------+----------------------+----------------------+
; Device                                                           ; EP4CE115F29C7        ;                      ;
; Top-level entity name                                            ; CS3421_RRK_Processor ; CS3421_RRK_Processor ;
; Family name                                                      ; Cyclone IV E         ; Cyclone V            ;
; Use smart compilation                                            ; Off                  ; Off                  ;
; Enable parallel Assembler and Timing Analyzer during compilation ; On                   ; On                   ;
; Enable compact report table                                      ; Off                  ; Off                  ;
; Restructure Multiplexers                                         ; Auto                 ; Auto                 ;
; Create Debugging Nodes for IP Cores                              ; Off                  ; Off                  ;
; Preserve fewer node names                                        ; On                   ; On                   ;
; Intel FPGA IP Evaluation Mode                                    ; Enable               ; Enable               ;
; Verilog Version                                                  ; Verilog_2001         ; Verilog_2001         ;
; VHDL Version                                                     ; VHDL_1993            ; VHDL_1993            ;
; State Machine Processing                                         ; Auto                 ; Auto                 ;
; Safe State Machine                                               ; Off                  ; Off                  ;
; Extract Verilog State Machines                                   ; On                   ; On                   ;
; Extract VHDL State Machines                                      ; On                   ; On                   ;
; Ignore Verilog initial constructs                                ; Off                  ; Off                  ;
; Iteration limit for constant Verilog loops                       ; 5000                 ; 5000                 ;
; Iteration limit for non-constant Verilog loops                   ; 250                  ; 250                  ;
; Add Pass-Through Logic to Inferred RAMs                          ; On                   ; On                   ;
; Infer RAMs from Raw Logic                                        ; On                   ; On                   ;
; Parallel Synthesis                                               ; On                   ; On                   ;
; DSP Block Balancing                                              ; Auto                 ; Auto                 ;
; NOT Gate Push-Back                                               ; On                   ; On                   ;
; Power-Up Don't Care                                              ; On                   ; On                   ;
; Remove Redundant Logic Cells                                     ; Off                  ; Off                  ;
; Remove Duplicate Registers                                       ; On                   ; On                   ;
; Ignore CARRY Buffers                                             ; Off                  ; Off                  ;
; Ignore CASCADE Buffers                                           ; Off                  ; Off                  ;
; Ignore GLOBAL Buffers                                            ; Off                  ; Off                  ;
; Ignore ROW GLOBAL Buffers                                        ; Off                  ; Off                  ;
; Ignore LCELL Buffers                                             ; Off                  ; Off                  ;
; Ignore SOFT Buffers                                              ; On                   ; On                   ;
; Limit AHDL Integers to 32 Bits                                   ; Off                  ; Off                  ;
; Optimization Technique                                           ; Balanced             ; Balanced             ;
; Carry Chain Length                                               ; 70                   ; 70                   ;
; Auto Carry Chains                                                ; On                   ; On                   ;
; Auto Open-Drain Pins                                             ; On                   ; On                   ;
; Perform WYSIWYG Primitive Resynthesis                            ; Off                  ; Off                  ;
; Auto ROM Replacement                                             ; On                   ; On                   ;
; Auto RAM Replacement                                             ; On                   ; On                   ;
; Auto DSP Block Replacement                                       ; On                   ; On                   ;
; Auto Shift Register Replacement                                  ; Auto                 ; Auto                 ;
; Allow Shift Register Merging across Hierarchies                  ; Auto                 ; Auto                 ;
; Auto Clock Enable Replacement                                    ; On                   ; On                   ;
; Strict RAM Replacement                                           ; Off                  ; Off                  ;
; Allow Synchronous Control Signals                                ; On                   ; On                   ;
; Force Use of Synchronous Clear Signals                           ; Off                  ; Off                  ;
; Auto RAM Block Balancing                                         ; On                   ; On                   ;
; Auto RAM to Logic Cell Conversion                                ; Off                  ; Off                  ;
; Auto Resource Sharing                                            ; Off                  ; Off                  ;
; Allow Any RAM Size For Recognition                               ; Off                  ; Off                  ;
; Allow Any ROM Size For Recognition                               ; Off                  ; Off                  ;
; Allow Any Shift Register Size For Recognition                    ; Off                  ; Off                  ;
; Use LogicLock Constraints during Resource Balancing              ; On                   ; On                   ;
; Ignore translate_off and synthesis_off directives                ; Off                  ; Off                  ;
; Timing-Driven Synthesis                                          ; On                   ; On                   ;
; Report Parameter Settings                                        ; On                   ; On                   ;
; Report Source Assignments                                        ; On                   ; On                   ;
; Report Connectivity Checks                                       ; On                   ; On                   ;
; Ignore Maximum Fan-Out Assignments                               ; Off                  ; Off                  ;
; Synchronization Register Chain Length                            ; 2                    ; 2                    ;
; Power Optimization During Synthesis                              ; Normal compilation   ; Normal compilation   ;
; HDL message level                                                ; Level2               ; Level2               ;
; Suppress Register Optimization Related Messages                  ; Off                  ; Off                  ;
; Number of Removed Registers Reported in Synthesis Report         ; 5000                 ; 5000                 ;
; Number of Swept Nodes Reported in Synthesis Report               ; 5000                 ; 5000                 ;
; Number of Inverted Registers Reported in Synthesis Report        ; 100                  ; 100                  ;
; Clock MUX Protection                                             ; On                   ; On                   ;
; Auto Gated Clock Conversion                                      ; Off                  ; Off                  ;
; Block Design Naming                                              ; Auto                 ; Auto                 ;
; SDC constraint protection                                        ; Off                  ; Off                  ;
; Synthesis Effort                                                 ; Auto                 ; Auto                 ;
; Shift Register Replacement - Allow Asynchronous Clear Signal     ; On                   ; On                   ;
; Pre-Mapping Resynthesis Optimization                             ; Off                  ; Off                  ;
; Analysis & Synthesis Message Level                               ; Medium               ; Medium               ;
; Disable Register Merging Across Hierarchies                      ; Auto                 ; Auto                 ;
; Resource Aware Inference For Block RAM                           ; On                   ; On                   ;
+------------------------------------------------------------------+----------------------+----------------------+


+------------------------------------------+
; Parallel Compilation                     ;
+----------------------------+-------------+
; Processors                 ; Number      ;
+----------------------------+-------------+
; Number detected on machine ; 8           ;
; Maximum allowed            ; 4           ;
;                            ;             ;
; Average used               ; 1.00        ;
; Maximum used               ; 4           ;
;                            ;             ;
; Usage by Processor         ; % Time Used ;
;     Processor 1            ; 100.0%      ;
;     Processors 2-4         ;   0.0%      ;
+----------------------------+-------------+


+-------------------------------------------------------------------------------------------------------------------------------------------------------------------------------------------------------------------------------------------------------------------------------------------------------+
; Analysis & Synthesis Source Files Read                                                                                                                                                                                                                                                                ;
+-------------------------------------------------------------+-----------------+-------------------------------------------------------+-----------------------------------------------------------------------------------------------------------------------------------------------------+---------+
; File Name with User-Entered Path                            ; Used in Netlist ; File Type                                             ; File Name with Absolute Path                                                                                                                        ; Library ;
+-------------------------------------------------------------+-----------------+-------------------------------------------------------+-----------------------------------------------------------------------------------------------------------------------------------------------------+---------+
; CS3421_RRK_Processor.v                                      ; yes             ; User Verilog HDL File                                 ; D:/School/College_Year3_Semester1/CS3421 - R01 - ComputerOrganization/Processor_Project/CS3421_RRK_Processor.v                                      ;         ;
; tier3test_mod.out                                           ; yes             ; Auto-Found File                                       ; D:/School/College_Year3_Semester1/CS3421 - R01 - ComputerOrganization/Processor_Project/tier3test_mod.out                                           ;         ;
; altsyncram.tdf                                              ; yes             ; Megafunction                                          ; d:/programfiles(quartus)/intelfpga_lite/18.1/quartus/libraries/megafunctions/altsyncram.tdf                                                         ;         ;
; stratix_ram_block.inc                                       ; yes             ; Megafunction                                          ; d:/programfiles(quartus)/intelfpga_lite/18.1/quartus/libraries/megafunctions/stratix_ram_block.inc                                                  ;         ;
; lpm_mux.inc                                                 ; yes             ; Megafunction                                          ; d:/programfiles(quartus)/intelfpga_lite/18.1/quartus/libraries/megafunctions/lpm_mux.inc                                                            ;         ;
; lpm_decode.inc                                              ; yes             ; Megafunction                                          ; d:/programfiles(quartus)/intelfpga_lite/18.1/quartus/libraries/megafunctions/lpm_decode.inc                                                         ;         ;
; aglobal181.inc                                              ; yes             ; Megafunction                                          ; d:/programfiles(quartus)/intelfpga_lite/18.1/quartus/libraries/megafunctions/aglobal181.inc                                                         ;         ;
; a_rdenreg.inc                                               ; yes             ; Megafunction                                          ; d:/programfiles(quartus)/intelfpga_lite/18.1/quartus/libraries/megafunctions/a_rdenreg.inc                                                          ;         ;
; altrom.inc                                                  ; yes             ; Megafunction                                          ; d:/programfiles(quartus)/intelfpga_lite/18.1/quartus/libraries/megafunctions/altrom.inc                                                             ;         ;
; altram.inc                                                  ; yes             ; Megafunction                                          ; d:/programfiles(quartus)/intelfpga_lite/18.1/quartus/libraries/megafunctions/altram.inc                                                             ;         ;
; altdpram.inc                                                ; yes             ; Megafunction                                          ; d:/programfiles(quartus)/intelfpga_lite/18.1/quartus/libraries/megafunctions/altdpram.inc                                                           ;         ;
; db/altsyncram_6bj1.tdf                                      ; yes             ; Auto-Generated Megafunction                           ; D:/School/College_Year3_Semester1/CS3421 - R01 - ComputerOrganization/Processor_Project/db/altsyncram_6bj1.tdf                                      ;         ;
; db/cs3421_rrk_processor.ram0_register_file_605be989.hdl.mif ; yes             ; Auto-Generated Auto-Found Memory Initialization File  ; D:/School/College_Year3_Semester1/CS3421 - R01 - ComputerOrganization/Processor_Project/db/cs3421_rrk_processor.ram0_register_file_605be989.hdl.mif ;         ;
; db/altsyncram_eg81.tdf                                      ; yes             ; Auto-Generated Megafunction                           ; D:/School/College_Year3_Semester1/CS3421 - R01 - ComputerOrganization/Processor_Project/db/altsyncram_eg81.tdf                                      ;         ;
+-------------------------------------------------------------+-----------------+-------------------------------------------------------+-----------------------------------------------------------------------------------------------------------------------------------------------------+---------+


+---------------------------------------------------------+
; Analysis & Synthesis Resource Usage Summary             ;
+---------------------------------------------+-----------+
; Resource                                    ; Usage     ;
+---------------------------------------------+-----------+
; Estimated Total logic elements              ; 381       ;
;                                             ;           ;
; Total combinational functions               ; 381       ;
; Logic element usage by number of LUT inputs ;           ;
;     -- 4 input functions                    ; 291       ;
;     -- 3 input functions                    ; 52        ;
;     -- <=2 input functions                  ; 38        ;
;                                             ;           ;
; Logic elements by mode                      ;           ;
;     -- normal mode                          ; 381       ;
;     -- arithmetic mode                      ; 0         ;
;                                             ;           ;
; Total registers                             ; 32        ;
;     -- Dedicated logic registers            ; 32        ;
;     -- I/O registers                        ; 0         ;
;                                             ;           ;
; I/O pins                                    ; 99        ;
; Total memory bits                           ; 34816     ;
;                                             ;           ;
; Embedded Multiplier 9-bit elements          ; 0         ;
;                                             ;           ;
; Maximum fan-out node                        ; clk~input ;
; Maximum fan-out                             ; 128       ;
; Total fan-out                               ; 2769      ;
; Average fan-out                             ; 3.92      ;
+---------------------------------------------+-----------+


+-------------------------------------------------------------------------------------------------------------------------------------------------------------------------------------------------------------------------------------------------------------------------------------------------------------------+
; Analysis & Synthesis Resource Utilization by Entity                                                                                                                                                                                                                                                               ;
+-------------------------------------------+---------------------+---------------------------+-------------+--------------+---------+-----------+------+--------------+------------------------------------------------------------------------------------------------------+----------------------+--------------+
; Compilation Hierarchy Node                ; Combinational ALUTs ; Dedicated Logic Registers ; Memory Bits ; DSP Elements ; DSP 9x9 ; DSP 18x18 ; Pins ; Virtual Pins ; Full Hierarchy Name                                                                                  ; Entity Name          ; Library Name ;
+-------------------------------------------+---------------------+---------------------------+-------------+--------------+---------+-----------+------+--------------+------------------------------------------------------------------------------------------------------+----------------------+--------------+
; |CS3421_RRK_Processor                     ; 381 (3)             ; 32 (0)                    ; 34816       ; 0            ; 0       ; 0         ; 99   ; 0            ; |CS3421_RRK_Processor                                                                                ; CS3421_RRK_Processor ; work         ;
;    |ALU:ArithLogUnit|                     ; 118 (0)             ; 0 (0)                     ; 0           ; 0            ; 0       ; 0         ; 0    ; 0            ; |CS3421_RRK_Processor|ALU:ArithLogUnit                                                               ; ALU                  ; work         ;
;       |adder32:adder32_1|                 ; 63 (0)              ; 0 (0)                     ; 0           ; 0            ; 0       ; 0         ; 0    ; 0            ; |CS3421_RRK_Processor|ALU:ArithLogUnit|adder32:adder32_1                                             ; adder32              ; work         ;
;          |adder4:adder4_0|                ; 8 (8)               ; 0 (0)                     ; 0           ; 0            ; 0       ; 0         ; 0    ; 0            ; |CS3421_RRK_Processor|ALU:ArithLogUnit|adder32:adder32_1|adder4:adder4_0                             ; adder4               ; work         ;
;          |adder4:adder4_1|                ; 8 (8)               ; 0 (0)                     ; 0           ; 0            ; 0       ; 0         ; 0    ; 0            ; |CS3421_RRK_Processor|ALU:ArithLogUnit|adder32:adder32_1|adder4:adder4_1                             ; adder4               ; work         ;
;          |adder4:adder4_2|                ; 8 (8)               ; 0 (0)                     ; 0           ; 0            ; 0       ; 0         ; 0    ; 0            ; |CS3421_RRK_Processor|ALU:ArithLogUnit|adder32:adder32_1|adder4:adder4_2                             ; adder4               ; work         ;
;          |adder4:adder4_3|                ; 8 (8)               ; 0 (0)                     ; 0           ; 0            ; 0       ; 0         ; 0    ; 0            ; |CS3421_RRK_Processor|ALU:ArithLogUnit|adder32:adder32_1|adder4:adder4_3                             ; adder4               ; work         ;
;          |adder4:adder4_4|                ; 8 (8)               ; 0 (0)                     ; 0           ; 0            ; 0       ; 0         ; 0    ; 0            ; |CS3421_RRK_Processor|ALU:ArithLogUnit|adder32:adder32_1|adder4:adder4_4                             ; adder4               ; work         ;
;          |adder4:adder4_5|                ; 8 (8)               ; 0 (0)                     ; 0           ; 0            ; 0       ; 0         ; 0    ; 0            ; |CS3421_RRK_Processor|ALU:ArithLogUnit|adder32:adder32_1|adder4:adder4_5                             ; adder4               ; work         ;
;          |adder4:adder4_6|                ; 8 (8)               ; 0 (0)                     ; 0           ; 0            ; 0       ; 0         ; 0    ; 0            ; |CS3421_RRK_Processor|ALU:ArithLogUnit|adder32:adder32_1|adder4:adder4_6                             ; adder4               ; work         ;
;          |adder4:adder4_7|                ; 7 (7)               ; 0 (0)                     ; 0           ; 0            ; 0       ; 0         ; 0    ; 0            ; |CS3421_RRK_Processor|ALU:ArithLogUnit|adder32:adder32_1|adder4:adder4_7                             ; adder4               ; work         ;
;       |equalToZero:equalToZero_1|         ; 12 (12)             ; 0 (0)                     ; 0           ; 0            ; 0       ; 0         ; 0    ; 0            ; |CS3421_RRK_Processor|ALU:ArithLogUnit|equalToZero:equalToZero_1                                     ; equalToZero          ; work         ;
;       |mux2to1:mux2to1_1|                 ; 23 (23)             ; 0 (0)                     ; 0           ; 0            ; 0       ; 0         ; 0    ; 0            ; |CS3421_RRK_Processor|ALU:ArithLogUnit|mux2to1:mux2to1_1                                             ; mux2to1              ; work         ;
;       |mux4to1:mux4to1_1|                 ; 20 (20)             ; 0 (0)                     ; 0           ; 0            ; 0       ; 0         ; 0    ; 0            ; |CS3421_RRK_Processor|ALU:ArithLogUnit|mux4to1:mux4to1_1                                             ; mux4to1              ; work         ;
;    |Control_Unit:CLU|                     ; 19 (19)             ; 0 (0)                     ; 0           ; 0            ; 0       ; 0         ; 0    ; 0            ; |CS3421_RRK_Processor|Control_Unit:CLU                                                               ; Control_Unit         ; work         ;
;    |Data_Memory:DataMem|                  ; 0 (0)               ; 0 (0)                     ; 32768       ; 0            ; 0       ; 0         ; 0    ; 0            ; |CS3421_RRK_Processor|Data_Memory:DataMem                                                            ; Data_Memory          ; work         ;
;       |altsyncram:dataMemory_rtl_0|       ; 0 (0)               ; 0 (0)                     ; 32768       ; 0            ; 0       ; 0         ; 0    ; 0            ; |CS3421_RRK_Processor|Data_Memory:DataMem|altsyncram:dataMemory_rtl_0                                ; altsyncram           ; work         ;
;          |altsyncram_eg81:auto_generated| ; 0 (0)               ; 0 (0)                     ; 32768       ; 0            ; 0       ; 0         ; 0    ; 0            ; |CS3421_RRK_Processor|Data_Memory:DataMem|altsyncram:dataMemory_rtl_0|altsyncram_eg81:auto_generated ; altsyncram_eg81      ; work         ;
;    |Instruction_Memory:InstMem|           ; 35 (35)             ; 0 (0)                     ; 0           ; 0            ; 0       ; 0         ; 0    ; 0            ; |CS3421_RRK_Processor|Instruction_Memory:InstMem                                                     ; Instruction_Memory   ; work         ;
;    |Program_Counter:PC|                   ; 0 (0)               ; 32 (32)                   ; 0           ; 0            ; 0       ; 0         ; 0    ; 0            ; |CS3421_RRK_Processor|Program_Counter:PC                                                             ; Program_Counter      ; work         ;
;    |Register_File:RegFile|                ; 0 (0)               ; 0 (0)                     ; 2048        ; 0            ; 0       ; 0         ; 0    ; 0            ; |CS3421_RRK_Processor|Register_File:RegFile                                                          ; Register_File        ; work         ;
;       |altsyncram:gpReg_rtl_0|            ; 0 (0)               ; 0 (0)                     ; 1024        ; 0            ; 0       ; 0         ; 0    ; 0            ; |CS3421_RRK_Processor|Register_File:RegFile|altsyncram:gpReg_rtl_0                                   ; altsyncram           ; work         ;
;          |altsyncram_6bj1:auto_generated| ; 0 (0)               ; 0 (0)                     ; 1024        ; 0            ; 0       ; 0         ; 0    ; 0            ; |CS3421_RRK_Processor|Register_File:RegFile|altsyncram:gpReg_rtl_0|altsyncram_6bj1:auto_generated    ; altsyncram_6bj1      ; work         ;
;       |altsyncram:gpReg_rtl_1|            ; 0 (0)               ; 0 (0)                     ; 1024        ; 0            ; 0       ; 0         ; 0    ; 0            ; |CS3421_RRK_Processor|Register_File:RegFile|altsyncram:gpReg_rtl_1                                   ; altsyncram           ; work         ;
;          |altsyncram_6bj1:auto_generated| ; 0 (0)               ; 0 (0)                     ; 1024        ; 0            ; 0       ; 0         ; 0    ; 0            ; |CS3421_RRK_Processor|Register_File:RegFile|altsyncram:gpReg_rtl_1|altsyncram_6bj1:auto_generated    ; altsyncram_6bj1      ; work         ;
;    |Sign_Extend:Sign_Extend_1|            ; 1 (1)               ; 0 (0)                     ; 0           ; 0            ; 0       ; 0         ; 0    ; 0            ; |CS3421_RRK_Processor|Sign_Extend:Sign_Extend_1                                                      ; Sign_Extend          ; work         ;
;    |adder32:PCBranch|                     ; 31 (0)              ; 0 (0)                     ; 0           ; 0            ; 0       ; 0         ; 0    ; 0            ; |CS3421_RRK_Processor|adder32:PCBranch                                                               ; adder32              ; work         ;
;       |adder4:adder4_0|                   ; 4 (4)               ; 0 (0)                     ; 0           ; 0            ; 0       ; 0         ; 0    ; 0            ; |CS3421_RRK_Processor|adder32:PCBranch|adder4:adder4_0                                               ; adder4               ; work         ;
;       |adder4:adder4_1|                   ; 4 (4)               ; 0 (0)                     ; 0           ; 0            ; 0       ; 0         ; 0    ; 0            ; |CS3421_RRK_Processor|adder32:PCBranch|adder4:adder4_1                                               ; adder4               ; work         ;
;       |adder4:adder4_2|                   ; 4 (4)               ; 0 (0)                     ; 0           ; 0            ; 0       ; 0         ; 0    ; 0            ; |CS3421_RRK_Processor|adder32:PCBranch|adder4:adder4_2                                               ; adder4               ; work         ;
;       |adder4:adder4_3|                   ; 4 (4)               ; 0 (0)                     ; 0           ; 0            ; 0       ; 0         ; 0    ; 0            ; |CS3421_RRK_Processor|adder32:PCBranch|adder4:adder4_3                                               ; adder4               ; work         ;
;       |adder4:adder4_4|                   ; 4 (4)               ; 0 (0)                     ; 0           ; 0            ; 0       ; 0         ; 0    ; 0            ; |CS3421_RRK_Processor|adder32:PCBranch|adder4:adder4_4                                               ; adder4               ; work         ;
;       |adder4:adder4_5|                   ; 4 (4)               ; 0 (0)                     ; 0           ; 0            ; 0       ; 0         ; 0    ; 0            ; |CS3421_RRK_Processor|adder32:PCBranch|adder4:adder4_5                                               ; adder4               ; work         ;
;       |adder4:adder4_6|                   ; 4 (4)               ; 0 (0)                     ; 0           ; 0            ; 0       ; 0         ; 0    ; 0            ; |CS3421_RRK_Processor|adder32:PCBranch|adder4:adder4_6                                               ; adder4               ; work         ;
;       |adder4:adder4_7|                   ; 3 (3)               ; 0 (0)                     ; 0           ; 0            ; 0       ; 0         ; 0    ; 0            ; |CS3421_RRK_Processor|adder32:PCBranch|adder4:adder4_7                                               ; adder4               ; work         ;
;    |adder32:PCPlus4_Mux|                  ; 49 (0)              ; 0 (0)                     ; 0           ; 0            ; 0       ; 0         ; 0    ; 0            ; |CS3421_RRK_Processor|adder32:PCPlus4_Mux                                                            ; adder32              ; work         ;
;       |adder4:adder4_0|                   ; 5 (5)               ; 0 (0)                     ; 0           ; 0            ; 0       ; 0         ; 0    ; 0            ; |CS3421_RRK_Processor|adder32:PCPlus4_Mux|adder4:adder4_0                                            ; adder4               ; work         ;
;       |adder4:adder4_1|                   ; 8 (8)               ; 0 (0)                     ; 0           ; 0            ; 0       ; 0         ; 0    ; 0            ; |CS3421_RRK_Processor|adder32:PCPlus4_Mux|adder4:adder4_1                                            ; adder4               ; work         ;
;       |adder4:adder4_2|                   ; 8 (8)               ; 0 (0)                     ; 0           ; 0            ; 0       ; 0         ; 0    ; 0            ; |CS3421_RRK_Processor|adder32:PCPlus4_Mux|adder4:adder4_2                                            ; adder4               ; work         ;
;       |adder4:adder4_3|                   ; 7 (7)               ; 0 (0)                     ; 0           ; 0            ; 0       ; 0         ; 0    ; 0            ; |CS3421_RRK_Processor|adder32:PCPlus4_Mux|adder4:adder4_3                                            ; adder4               ; work         ;
;       |adder4:adder4_4|                   ; 5 (5)               ; 0 (0)                     ; 0           ; 0            ; 0       ; 0         ; 0    ; 0            ; |CS3421_RRK_Processor|adder32:PCPlus4_Mux|adder4:adder4_4                                            ; adder4               ; work         ;
;       |adder4:adder4_5|                   ; 6 (6)               ; 0 (0)                     ; 0           ; 0            ; 0       ; 0         ; 0    ; 0            ; |CS3421_RRK_Processor|adder32:PCPlus4_Mux|adder4:adder4_5                                            ; adder4               ; work         ;
;       |adder4:adder4_6|                   ; 5 (5)               ; 0 (0)                     ; 0           ; 0            ; 0       ; 0         ; 0    ; 0            ; |CS3421_RRK_Processor|adder32:PCPlus4_Mux|adder4:adder4_6                                            ; adder4               ; work         ;
;       |adder4:adder4_7|                   ; 5 (5)               ; 0 (0)                     ; 0           ; 0            ; 0       ; 0         ; 0    ; 0            ; |CS3421_RRK_Processor|adder32:PCPlus4_Mux|adder4:adder4_7                                            ; adder4               ; work         ;
;    |mux2to1:ALU_SrcB_Mux|                 ; 31 (31)             ; 0 (0)                     ; 0           ; 0            ; 0       ; 0         ; 0    ; 0            ; |CS3421_RRK_Processor|mux2to1:ALU_SrcB_Mux                                                           ; mux2to1              ; work         ;
;    |mux2to1:PC_Mux_2|                     ; 32 (32)             ; 0 (0)                     ; 0           ; 0            ; 0       ; 0         ; 0    ; 0            ; |CS3421_RRK_Processor|mux2to1:PC_Mux_2                                                               ; mux2to1              ; work         ;
;    |mux2to1:Result_Mux|                   ; 57 (57)             ; 0 (0)                     ; 0           ; 0            ; 0       ; 0         ; 0    ; 0            ; |CS3421_RRK_Processor|mux2to1:Result_Mux                                                             ; mux2to1              ; work         ;
;    |mux2to1_5:WriteReg_Mux|               ; 5 (5)               ; 0 (0)                     ; 0           ; 0            ; 0       ; 0         ; 0    ; 0            ; |CS3421_RRK_Processor|mux2to1_5:WriteReg_Mux                                                         ; mux2to1_5            ; work         ;
+-------------------------------------------+---------------------+---------------------------+-------------+--------------+---------+-----------+------+--------------+------------------------------------------------------------------------------------------------------+----------------------+--------------+
Note: For table entries with two numbers listed, the numbers in parentheses indicate the number of resources of the given type used by the specific entity alone. The numbers listed outside of parentheses indicate the total resources of the given type used by the specific entity and all of its sub-entities in the hierarchy.


+-------------------------------------------------------------------------------------------------------------------------------------------------------------------------------------------------------------------------------------------------------+
; Analysis & Synthesis RAM Summary                                                                                                                                                                                                                      ;
+-------------------------------------------------------------------------------------------+------+------------------+--------------+--------------+--------------+--------------+-------+-------------------------------------------------------------+
; Name                                                                                      ; Type ; Mode             ; Port A Depth ; Port A Width ; Port B Depth ; Port B Width ; Size  ; MIF                                                         ;
+-------------------------------------------------------------------------------------------+------+------------------+--------------+--------------+--------------+--------------+-------+-------------------------------------------------------------+
; Data_Memory:DataMem|altsyncram:dataMemory_rtl_0|altsyncram_eg81:auto_generated|ALTSYNCRAM ; AUTO ; Single Port      ; 1024         ; 32           ; --           ; --           ; 32768 ; None                                                        ;
; Register_File:RegFile|altsyncram:gpReg_rtl_0|altsyncram_6bj1:auto_generated|ALTSYNCRAM    ; AUTO ; Simple Dual Port ; 32           ; 32           ; 32           ; 32           ; 1024  ; db/CS3421_RRK_Processor.ram0_Register_File_605be989.hdl.mif ;
; Register_File:RegFile|altsyncram:gpReg_rtl_1|altsyncram_6bj1:auto_generated|ALTSYNCRAM    ; AUTO ; Simple Dual Port ; 32           ; 32           ; 32           ; 32           ; 1024  ; db/CS3421_RRK_Processor.ram0_Register_File_605be989.hdl.mif ;
+-------------------------------------------------------------------------------------------+------+------------------+--------------+--------------+--------------+--------------+-------+-------------------------------------------------------------+


+------------------------------------------------------+
; General Register Statistics                          ;
+----------------------------------------------+-------+
; Statistic                                    ; Value ;
+----------------------------------------------+-------+
; Total registers                              ; 32    ;
; Number of registers using Synchronous Clear  ; 0     ;
; Number of registers using Synchronous Load   ; 0     ;
; Number of registers using Asynchronous Clear ; 0     ;
; Number of registers using Asynchronous Load  ; 0     ;
; Number of registers using Clock Enable       ; 0     ;
; Number of registers using Preset             ; 0     ;
+----------------------------------------------+-------+


+--------------------------------------------------------------------------------+
; Registers Packed Into Inferred Megafunctions                                   ;
+----------------------------------+--------------------------------------+------+
; Register Name                    ; Megafunction                         ; Type ;
+----------------------------------+--------------------------------------+------+
; Register_File:RegFile|RD1[0..31] ; Register_File:RegFile|gpReg_rtl_0    ; RAM  ;
; Register_File:RegFile|RD2[0..31] ; Register_File:RegFile|gpReg_rtl_1    ; RAM  ;
; Data_Memory:DataMem|RD[0..31]    ; Data_Memory:DataMem|dataMemory_rtl_0 ; RAM  ;
+----------------------------------+--------------------------------------+------+


+------------------------------------------------------------------------------------------------------------------------------------------------------------------------------+
; Multiplexer Restructuring Statistics (Restructuring Performed)                                                                                                               ;
+--------------------+-----------+---------------+----------------------+------------------------+------------+----------------------------------------------------------------+
; Multiplexer Inputs ; Bus Width ; Baseline Area ; Area if Restructured ; Saving if Restructured ; Registered ; Example Multiplexer Output                                     ;
+--------------------+-----------+---------------+----------------------+------------------------+------------+----------------------------------------------------------------+
; 3:1                ; 4 bits    ; 8 LEs         ; 8 LEs                ; 0 LEs                  ; Yes        ; |CS3421_RRK_Processor|Program_Counter:PC|dataOut[25]           ;
; 3:1                ; 22 bits   ; 44 LEs        ; 44 LEs               ; 0 LEs                  ; Yes        ; |CS3421_RRK_Processor|Program_Counter:PC|dataOut[23]           ;
; 4:1                ; 9 bits    ; 18 LEs        ; 18 LEs               ; 0 LEs                  ; No         ; |CS3421_RRK_Processor|ALU:ArithLogUnit|mux4to1:mux4to1_1|Mux23 ;
; 5:1                ; 22 bits   ; 66 LEs        ; 44 LEs               ; 22 LEs                 ; No         ; |CS3421_RRK_Processor|mux2to1:Result_Mux|y[26]                 ;
; 16:1               ; 3 bits    ; 30 LEs        ; 21 LEs               ; 9 LEs                  ; No         ; |CS3421_RRK_Processor|Control_Unit:CLU|Selector0               ;
+--------------------+-----------+---------------+----------------------+------------------------+------------+----------------------------------------------------------------+


+----------------------------------------------------------------------------------------------------+
; Source assignments for Register_File:RegFile|altsyncram:gpReg_rtl_0|altsyncram_6bj1:auto_generated ;
+---------------------------------+--------------------+------+--------------------------------------+
; Assignment                      ; Value              ; From ; To                                   ;
+---------------------------------+--------------------+------+--------------------------------------+
; OPTIMIZE_POWER_DURING_SYNTHESIS ; NORMAL_COMPILATION ; -    ; -                                    ;
+---------------------------------+--------------------+------+--------------------------------------+


+----------------------------------------------------------------------------------------------------+
; Source assignments for Register_File:RegFile|altsyncram:gpReg_rtl_1|altsyncram_6bj1:auto_generated ;
+---------------------------------+--------------------+------+--------------------------------------+
; Assignment                      ; Value              ; From ; To                                   ;
+---------------------------------+--------------------+------+--------------------------------------+
; OPTIMIZE_POWER_DURING_SYNTHESIS ; NORMAL_COMPILATION ; -    ; -                                    ;
+---------------------------------+--------------------+------+--------------------------------------+


+-------------------------------------------------------------------------------------------------------+
; Source assignments for Data_Memory:DataMem|altsyncram:dataMemory_rtl_0|altsyncram_eg81:auto_generated ;
+---------------------------------+--------------------+------+-----------------------------------------+
; Assignment                      ; Value              ; From ; To                                      ;
+---------------------------------+--------------------+------+-----------------------------------------+
; OPTIMIZE_POWER_DURING_SYNTHESIS ; NORMAL_COMPILATION ; -    ; -                                       ;
+---------------------------------+--------------------+------+-----------------------------------------+


+-------------------------------------------------------------------------------------------------------------------+
; Parameter Settings for Inferred Entity Instance: Register_File:RegFile|altsyncram:gpReg_rtl_0                     ;
+------------------------------------+-------------------------------------------------------------+----------------+
; Parameter Name                     ; Value                                                       ; Type           ;
+------------------------------------+-------------------------------------------------------------+----------------+
; BYTE_SIZE_BLOCK                    ; 8                                                           ; Untyped        ;
; AUTO_CARRY_CHAINS                  ; ON                                                          ; AUTO_CARRY     ;
; IGNORE_CARRY_BUFFERS               ; OFF                                                         ; IGNORE_CARRY   ;
; AUTO_CASCADE_CHAINS                ; ON                                                          ; AUTO_CASCADE   ;
; IGNORE_CASCADE_BUFFERS             ; OFF                                                         ; IGNORE_CASCADE ;
; WIDTH_BYTEENA                      ; 1                                                           ; Untyped        ;
; OPERATION_MODE                     ; DUAL_PORT                                                   ; Untyped        ;
; WIDTH_A                            ; 32                                                          ; Untyped        ;
; WIDTHAD_A                          ; 5                                                           ; Untyped        ;
; NUMWORDS_A                         ; 32                                                          ; Untyped        ;
; OUTDATA_REG_A                      ; UNREGISTERED                                                ; Untyped        ;
; ADDRESS_ACLR_A                     ; NONE                                                        ; Untyped        ;
; OUTDATA_ACLR_A                     ; NONE                                                        ; Untyped        ;
; WRCONTROL_ACLR_A                   ; NONE                                                        ; Untyped        ;
; INDATA_ACLR_A                      ; NONE                                                        ; Untyped        ;
; BYTEENA_ACLR_A                     ; NONE                                                        ; Untyped        ;
; WIDTH_B                            ; 32                                                          ; Untyped        ;
; WIDTHAD_B                          ; 5                                                           ; Untyped        ;
; NUMWORDS_B                         ; 32                                                          ; Untyped        ;
; INDATA_REG_B                       ; CLOCK1                                                      ; Untyped        ;
; WRCONTROL_WRADDRESS_REG_B          ; CLOCK1                                                      ; Untyped        ;
; RDCONTROL_REG_B                    ; CLOCK1                                                      ; Untyped        ;
; ADDRESS_REG_B                      ; CLOCK1                                                      ; Untyped        ;
; OUTDATA_REG_B                      ; UNREGISTERED                                                ; Untyped        ;
; BYTEENA_REG_B                      ; CLOCK1                                                      ; Untyped        ;
; INDATA_ACLR_B                      ; NONE                                                        ; Untyped        ;
; WRCONTROL_ACLR_B                   ; NONE                                                        ; Untyped        ;
; ADDRESS_ACLR_B                     ; NONE                                                        ; Untyped        ;
; OUTDATA_ACLR_B                     ; NONE                                                        ; Untyped        ;
; RDCONTROL_ACLR_B                   ; NONE                                                        ; Untyped        ;
; BYTEENA_ACLR_B                     ; NONE                                                        ; Untyped        ;
; WIDTH_BYTEENA_A                    ; 1                                                           ; Untyped        ;
; WIDTH_BYTEENA_B                    ; 1                                                           ; Untyped        ;
; RAM_BLOCK_TYPE                     ; AUTO                                                        ; Untyped        ;
; BYTE_SIZE                          ; 8                                                           ; Untyped        ;
; READ_DURING_WRITE_MODE_MIXED_PORTS ; DONT_CARE                                                   ; Untyped        ;
; READ_DURING_WRITE_MODE_PORT_A      ; NEW_DATA_NO_NBE_READ                                        ; Untyped        ;
; READ_DURING_WRITE_MODE_PORT_B      ; NEW_DATA_NO_NBE_READ                                        ; Untyped        ;
; INIT_FILE                          ; db/CS3421_RRK_Processor.ram0_Register_File_605be989.hdl.mif ; Untyped        ;
; INIT_FILE_LAYOUT                   ; PORT_A                                                      ; Untyped        ;
; MAXIMUM_DEPTH                      ; 0                                                           ; Untyped        ;
; CLOCK_ENABLE_INPUT_A               ; NORMAL                                                      ; Untyped        ;
; CLOCK_ENABLE_INPUT_B               ; NORMAL                                                      ; Untyped        ;
; CLOCK_ENABLE_OUTPUT_A              ; NORMAL                                                      ; Untyped        ;
; CLOCK_ENABLE_OUTPUT_B              ; NORMAL                                                      ; Untyped        ;
; CLOCK_ENABLE_CORE_A                ; USE_INPUT_CLKEN                                             ; Untyped        ;
; CLOCK_ENABLE_CORE_B                ; USE_INPUT_CLKEN                                             ; Untyped        ;
; ENABLE_ECC                         ; FALSE                                                       ; Untyped        ;
; ECC_PIPELINE_STAGE_ENABLED         ; FALSE                                                       ; Untyped        ;
; WIDTH_ECCSTATUS                    ; 3                                                           ; Untyped        ;
; DEVICE_FAMILY                      ; Cyclone IV E                                                ; Untyped        ;
; CBXI_PARAMETER                     ; altsyncram_6bj1                                             ; Untyped        ;
+------------------------------------+-------------------------------------------------------------+----------------+
Note: In order to hide this table in the UI and the text report file, please set the "Show Parameter Settings in Synthesis Report" option in "Analysis and Synthesis Settings -> More Settings" to "Off".


+-------------------------------------------------------------------------------------------------------------------+
; Parameter Settings for Inferred Entity Instance: Register_File:RegFile|altsyncram:gpReg_rtl_1                     ;
+------------------------------------+-------------------------------------------------------------+----------------+
; Parameter Name                     ; Value                                                       ; Type           ;
+------------------------------------+-------------------------------------------------------------+----------------+
; BYTE_SIZE_BLOCK                    ; 8                                                           ; Untyped        ;
; AUTO_CARRY_CHAINS                  ; ON                                                          ; AUTO_CARRY     ;
; IGNORE_CARRY_BUFFERS               ; OFF                                                         ; IGNORE_CARRY   ;
; AUTO_CASCADE_CHAINS                ; ON                                                          ; AUTO_CASCADE   ;
; IGNORE_CASCADE_BUFFERS             ; OFF                                                         ; IGNORE_CASCADE ;
; WIDTH_BYTEENA                      ; 1                                                           ; Untyped        ;
; OPERATION_MODE                     ; DUAL_PORT                                                   ; Untyped        ;
; WIDTH_A                            ; 32                                                          ; Untyped        ;
; WIDTHAD_A                          ; 5                                                           ; Untyped        ;
; NUMWORDS_A                         ; 32                                                          ; Untyped        ;
; OUTDATA_REG_A                      ; UNREGISTERED                                                ; Untyped        ;
; ADDRESS_ACLR_A                     ; NONE                                                        ; Untyped        ;
; OUTDATA_ACLR_A                     ; NONE                                                        ; Untyped        ;
; WRCONTROL_ACLR_A                   ; NONE                                                        ; Untyped        ;
; INDATA_ACLR_A                      ; NONE                                                        ; Untyped        ;
; BYTEENA_ACLR_A                     ; NONE                                                        ; Untyped        ;
; WIDTH_B                            ; 32                                                          ; Untyped        ;
; WIDTHAD_B                          ; 5                                                           ; Untyped        ;
; NUMWORDS_B                         ; 32                                                          ; Untyped        ;
; INDATA_REG_B                       ; CLOCK1                                                      ; Untyped        ;
; WRCONTROL_WRADDRESS_REG_B          ; CLOCK1                                                      ; Untyped        ;
; RDCONTROL_REG_B                    ; CLOCK1                                                      ; Untyped        ;
; ADDRESS_REG_B                      ; CLOCK1                                                      ; Untyped        ;
; OUTDATA_REG_B                      ; UNREGISTERED                                                ; Untyped        ;
; BYTEENA_REG_B                      ; CLOCK1                                                      ; Untyped        ;
; INDATA_ACLR_B                      ; NONE                                                        ; Untyped        ;
; WRCONTROL_ACLR_B                   ; NONE                                                        ; Untyped        ;
; ADDRESS_ACLR_B                     ; NONE                                                        ; Untyped        ;
; OUTDATA_ACLR_B                     ; NONE                                                        ; Untyped        ;
; RDCONTROL_ACLR_B                   ; NONE                                                        ; Untyped        ;
; BYTEENA_ACLR_B                     ; NONE                                                        ; Untyped        ;
; WIDTH_BYTEENA_A                    ; 1                                                           ; Untyped        ;
; WIDTH_BYTEENA_B                    ; 1                                                           ; Untyped        ;
; RAM_BLOCK_TYPE                     ; AUTO                                                        ; Untyped        ;
; BYTE_SIZE                          ; 8                                                           ; Untyped        ;
; READ_DURING_WRITE_MODE_MIXED_PORTS ; DONT_CARE                                                   ; Untyped        ;
; READ_DURING_WRITE_MODE_PORT_A      ; NEW_DATA_NO_NBE_READ                                        ; Untyped        ;
; READ_DURING_WRITE_MODE_PORT_B      ; NEW_DATA_NO_NBE_READ                                        ; Untyped        ;
; INIT_FILE                          ; db/CS3421_RRK_Processor.ram0_Register_File_605be989.hdl.mif ; Untyped        ;
; INIT_FILE_LAYOUT                   ; PORT_A                                                      ; Untyped        ;
; MAXIMUM_DEPTH                      ; 0                                                           ; Untyped        ;
; CLOCK_ENABLE_INPUT_A               ; NORMAL                                                      ; Untyped        ;
; CLOCK_ENABLE_INPUT_B               ; NORMAL                                                      ; Untyped        ;
; CLOCK_ENABLE_OUTPUT_A              ; NORMAL                                                      ; Untyped        ;
; CLOCK_ENABLE_OUTPUT_B              ; NORMAL                                                      ; Untyped        ;
; CLOCK_ENABLE_CORE_A                ; USE_INPUT_CLKEN                                             ; Untyped        ;
; CLOCK_ENABLE_CORE_B                ; USE_INPUT_CLKEN                                             ; Untyped        ;
; ENABLE_ECC                         ; FALSE                                                       ; Untyped        ;
; ECC_PIPELINE_STAGE_ENABLED         ; FALSE                                                       ; Untyped        ;
; WIDTH_ECCSTATUS                    ; 3                                                           ; Untyped        ;
; DEVICE_FAMILY                      ; Cyclone IV E                                                ; Untyped        ;
; CBXI_PARAMETER                     ; altsyncram_6bj1                                             ; Untyped        ;
+------------------------------------+-------------------------------------------------------------+----------------+
Note: In order to hide this table in the UI and the text report file, please set the "Show Parameter Settings in Synthesis Report" option in "Analysis and Synthesis Settings -> More Settings" to "Off".


+--------------------------------------------------------------------------------------------------+
; Parameter Settings for Inferred Entity Instance: Data_Memory:DataMem|altsyncram:dataMemory_rtl_0 ;
+------------------------------------+----------------------+--------------------------------------+
; Parameter Name                     ; Value                ; Type                                 ;
+------------------------------------+----------------------+--------------------------------------+
; BYTE_SIZE_BLOCK                    ; 8                    ; Untyped                              ;
; AUTO_CARRY_CHAINS                  ; ON                   ; AUTO_CARRY                           ;
; IGNORE_CARRY_BUFFERS               ; OFF                  ; IGNORE_CARRY                         ;
; AUTO_CASCADE_CHAINS                ; ON                   ; AUTO_CASCADE                         ;
; IGNORE_CASCADE_BUFFERS             ; OFF                  ; IGNORE_CASCADE                       ;
; WIDTH_BYTEENA                      ; 1                    ; Untyped                              ;
; OPERATION_MODE                     ; SINGLE_PORT          ; Untyped                              ;
; WIDTH_A                            ; 32                   ; Untyped                              ;
; WIDTHAD_A                          ; 10                   ; Untyped                              ;
; NUMWORDS_A                         ; 1024                 ; Untyped                              ;
; OUTDATA_REG_A                      ; UNREGISTERED         ; Untyped                              ;
; ADDRESS_ACLR_A                     ; NONE                 ; Untyped                              ;
; OUTDATA_ACLR_A                     ; NONE                 ; Untyped                              ;
; WRCONTROL_ACLR_A                   ; NONE                 ; Untyped                              ;
; INDATA_ACLR_A                      ; NONE                 ; Untyped                              ;
; BYTEENA_ACLR_A                     ; NONE                 ; Untyped                              ;
; WIDTH_B                            ; 1                    ; Untyped                              ;
; WIDTHAD_B                          ; 1                    ; Untyped                              ;
; NUMWORDS_B                         ; 1                    ; Untyped                              ;
; INDATA_REG_B                       ; CLOCK1               ; Untyped                              ;
; WRCONTROL_WRADDRESS_REG_B          ; CLOCK1               ; Untyped                              ;
; RDCONTROL_REG_B                    ; CLOCK1               ; Untyped                              ;
; ADDRESS_REG_B                      ; CLOCK1               ; Untyped                              ;
; OUTDATA_REG_B                      ; UNREGISTERED         ; Untyped                              ;
; BYTEENA_REG_B                      ; CLOCK1               ; Untyped                              ;
; INDATA_ACLR_B                      ; NONE                 ; Untyped                              ;
; WRCONTROL_ACLR_B                   ; NONE                 ; Untyped                              ;
; ADDRESS_ACLR_B                     ; NONE                 ; Untyped                              ;
; OUTDATA_ACLR_B                     ; NONE                 ; Untyped                              ;
; RDCONTROL_ACLR_B                   ; NONE                 ; Untyped                              ;
; BYTEENA_ACLR_B                     ; NONE                 ; Untyped                              ;
; WIDTH_BYTEENA_A                    ; 1                    ; Untyped                              ;
; WIDTH_BYTEENA_B                    ; 1                    ; Untyped                              ;
; RAM_BLOCK_TYPE                     ; AUTO                 ; Untyped                              ;
; BYTE_SIZE                          ; 8                    ; Untyped                              ;
; READ_DURING_WRITE_MODE_MIXED_PORTS ; DONT_CARE            ; Untyped                              ;
; READ_DURING_WRITE_MODE_PORT_A      ; OLD_DATA             ; Untyped                              ;
; READ_DURING_WRITE_MODE_PORT_B      ; NEW_DATA_NO_NBE_READ ; Untyped                              ;
; INIT_FILE                          ; UNUSED               ; Untyped                              ;
; INIT_FILE_LAYOUT                   ; PORT_A               ; Untyped                              ;
; MAXIMUM_DEPTH                      ; 0                    ; Untyped                              ;
; CLOCK_ENABLE_INPUT_A               ; NORMAL               ; Untyped                              ;
; CLOCK_ENABLE_INPUT_B               ; NORMAL               ; Untyped                              ;
; CLOCK_ENABLE_OUTPUT_A              ; NORMAL               ; Untyped                              ;
; CLOCK_ENABLE_OUTPUT_B              ; NORMAL               ; Untyped                              ;
; CLOCK_ENABLE_CORE_A                ; USE_INPUT_CLKEN      ; Untyped                              ;
; CLOCK_ENABLE_CORE_B                ; USE_INPUT_CLKEN      ; Untyped                              ;
; ENABLE_ECC                         ; FALSE                ; Untyped                              ;
; ECC_PIPELINE_STAGE_ENABLED         ; FALSE                ; Untyped                              ;
; WIDTH_ECCSTATUS                    ; 3                    ; Untyped                              ;
; DEVICE_FAMILY                      ; Cyclone IV E         ; Untyped                              ;
; CBXI_PARAMETER                     ; altsyncram_eg81      ; Untyped                              ;
+------------------------------------+----------------------+--------------------------------------+
Note: In order to hide this table in the UI and the text report file, please set the "Show Parameter Settings in Synthesis Report" option in "Analysis and Synthesis Settings -> More Settings" to "Off".


+---------------------------------------------------------------------------------------------+
; altsyncram Parameter Settings by Entity Instance                                            ;
+-------------------------------------------+-------------------------------------------------+
; Name                                      ; Value                                           ;
+-------------------------------------------+-------------------------------------------------+
; Number of entity instances                ; 3                                               ;
; Entity Instance                           ; Register_File:RegFile|altsyncram:gpReg_rtl_0    ;
;     -- OPERATION_MODE                     ; DUAL_PORT                                       ;
;     -- WIDTH_A                            ; 32                                              ;
;     -- NUMWORDS_A                         ; 32                                              ;
;     -- OUTDATA_REG_A                      ; UNREGISTERED                                    ;
;     -- WIDTH_B                            ; 32                                              ;
;     -- NUMWORDS_B                         ; 32                                              ;
;     -- ADDRESS_REG_B                      ; CLOCK1                                          ;
;     -- OUTDATA_REG_B                      ; UNREGISTERED                                    ;
;     -- RAM_BLOCK_TYPE                     ; AUTO                                            ;
;     -- READ_DURING_WRITE_MODE_MIXED_PORTS ; DONT_CARE                                       ;
; Entity Instance                           ; Register_File:RegFile|altsyncram:gpReg_rtl_1    ;
;     -- OPERATION_MODE                     ; DUAL_PORT                                       ;
;     -- WIDTH_A                            ; 32                                              ;
;     -- NUMWORDS_A                         ; 32                                              ;
;     -- OUTDATA_REG_A                      ; UNREGISTERED                                    ;
;     -- WIDTH_B                            ; 32                                              ;
;     -- NUMWORDS_B                         ; 32                                              ;
;     -- ADDRESS_REG_B                      ; CLOCK1                                          ;
;     -- OUTDATA_REG_B                      ; UNREGISTERED                                    ;
;     -- RAM_BLOCK_TYPE                     ; AUTO                                            ;
;     -- READ_DURING_WRITE_MODE_MIXED_PORTS ; DONT_CARE                                       ;
; Entity Instance                           ; Data_Memory:DataMem|altsyncram:dataMemory_rtl_0 ;
;     -- OPERATION_MODE                     ; SINGLE_PORT                                     ;
;     -- WIDTH_A                            ; 32                                              ;
;     -- NUMWORDS_A                         ; 1024                                            ;
;     -- OUTDATA_REG_A                      ; UNREGISTERED                                    ;
;     -- WIDTH_B                            ; 1                                               ;
;     -- NUMWORDS_B                         ; 1                                               ;
;     -- ADDRESS_REG_B                      ; CLOCK1                                          ;
;     -- OUTDATA_REG_B                      ; UNREGISTERED                                    ;
;     -- RAM_BLOCK_TYPE                     ; AUTO                                            ;
;     -- READ_DURING_WRITE_MODE_MIXED_PORTS ; DONT_CARE                                       ;
+-------------------------------------------+-------------------------------------------------+


+--------------------------------------------------------------------------------------------------------------------+
; Port Connectivity Checks: "ALU:ArithLogUnit|adder32:adder32_1"                                                     ;
+----------+--------+----------+-------------------------------------------------------------------------------------+
; Port     ; Type   ; Severity ; Details                                                                             ;
+----------+--------+----------+-------------------------------------------------------------------------------------+
; carryOut ; Output ; Info     ; Connected to dangling logic. Logic that only feeds a dangling port will be removed. ;
+----------+--------+----------+-------------------------------------------------------------------------------------+


+--------------------------------------------------------------------------------------------------------------------+
; Port Connectivity Checks: "adder32:PCBranch"                                                                       ;
+----------+--------+----------+-------------------------------------------------------------------------------------+
; Port     ; Type   ; Severity ; Details                                                                             ;
+----------+--------+----------+-------------------------------------------------------------------------------------+
; carryIn  ; Input  ; Info     ; Stuck at GND                                                                        ;
; carryOut ; Output ; Info     ; Connected to dangling logic. Logic that only feeds a dangling port will be removed. ;
+----------+--------+----------+-------------------------------------------------------------------------------------+


+--------------------------------------------------------------------------------------------------------------------+
; Port Connectivity Checks: "adder32:PCPlus4_Mux"                                                                    ;
+----------+--------+----------+-------------------------------------------------------------------------------------+
; Port     ; Type   ; Severity ; Details                                                                             ;
+----------+--------+----------+-------------------------------------------------------------------------------------+
; B[31..1] ; Input  ; Info     ; Stuck at GND                                                                        ;
; B[0]     ; Input  ; Info     ; Stuck at VCC                                                                        ;
; carryIn  ; Input  ; Info     ; Stuck at GND                                                                        ;
; carryOut ; Output ; Info     ; Connected to dangling logic. Logic that only feeds a dangling port will be removed. ;
+----------+--------+----------+-------------------------------------------------------------------------------------+


+-----------------------------------------------------+
; Post-Synthesis Netlist Statistics for Top Partition ;
+-----------------------+-----------------------------+
; Type                  ; Count                       ;
+-----------------------+-----------------------------+
; boundary_port         ; 99                          ;
; cycloneiii_ff         ; 32                          ;
;     plain             ; 32                          ;
; cycloneiii_lcell_comb ; 384                         ;
;     normal            ; 384                         ;
;         0 data inputs ; 1                           ;
;         1 data inputs ; 3                           ;
;         2 data inputs ; 37                          ;
;         3 data inputs ; 52                          ;
;         4 data inputs ; 291                         ;
; cycloneiii_ram_block  ; 96                          ;
;                       ;                             ;
; Max LUT depth         ; 39.00                       ;
; Average LUT depth     ; 21.34                       ;
+-----------------------+-----------------------------+


+-------------------------------+
; Elapsed Time Per Partition    ;
+----------------+--------------+
; Partition Name ; Elapsed Time ;
+----------------+--------------+
; Top            ; 00:00:02     ;
+----------------+--------------+


+-------------------------------+
; Analysis & Synthesis Messages ;
+-------------------------------+
Info: *******************************************************************
Info: Running Quartus Prime Analysis & Synthesis
    Info: Version 18.1.0 Build 625 09/12/2018 SJ Lite Edition
    Info: Processing started: Thu Dec 13 13:46:41 2018
Info: Command: quartus_map --read_settings_files=on --write_settings_files=off CS3421_RRK_Processor -c CS3421_RRK_Processor
Warning (18236): Number of processors has not been specified which may cause overloading on shared machines.  Set the global assignment NUM_PARALLEL_PROCESSORS in your QSF to an appropriate value for best performance.
Info (20030): Parallel compilation is enabled and will use 4 of the 4 processors detected
Info (12021): Found 17 design units, including 17 entities, in source file cs3421_rrk_processor.v
    Info (12023): Found entity 1: CS3421_RRK_Processor File: D:/School/College_Year3_Semester1/CS3421 - R01 - ComputerOrganization/Processor_Project/CS3421_RRK_Processor.v Line: 9
    Info (12023): Found entity 2: Program_Counter File: D:/School/College_Year3_Semester1/CS3421 - R01 - ComputerOrganization/Processor_Project/CS3421_RRK_Processor.v Line: 136
    Info (12023): Found entity 3: Instruction_Memory File: D:/School/College_Year3_Semester1/CS3421 - R01 - ComputerOrganization/Processor_Project/CS3421_RRK_Processor.v Line: 148
    Info (12023): Found entity 4: Register_File File: D:/School/College_Year3_Semester1/CS3421 - R01 - ComputerOrganization/Processor_Project/CS3421_RRK_Processor.v Line: 161
    Info (12023): Found entity 5: Data_Memory File: D:/School/College_Year3_Semester1/CS3421 - R01 - ComputerOrganization/Processor_Project/CS3421_RRK_Processor.v Line: 188
    Info (12023): Found entity 6: Control_Unit File: D:/School/College_Year3_Semester1/CS3421 - R01 - ComputerOrganization/Processor_Project/CS3421_RRK_Processor.v Line: 209
    Info (12023): Found entity 7: Sign_Extend File: D:/School/College_Year3_Semester1/CS3421 - R01 - ComputerOrganization/Processor_Project/CS3421_RRK_Processor.v Line: 400
    Info (12023): Found entity 8: Jump_Shift File: D:/School/College_Year3_Semester1/CS3421 - R01 - ComputerOrganization/Processor_Project/CS3421_RRK_Processor.v Line: 419
    Info (12023): Found entity 9: mux2to1_5 File: D:/School/College_Year3_Semester1/CS3421 - R01 - ComputerOrganization/Processor_Project/CS3421_RRK_Processor.v Line: 425
    Info (12023): Found entity 10: DataClock File: D:/School/College_Year3_Semester1/CS3421 - R01 - ComputerOrganization/Processor_Project/CS3421_RRK_Processor.v Line: 437
    Info (12023): Found entity 11: ALU File: D:/School/College_Year3_Semester1/CS3421 - R01 - ComputerOrganization/Processor_Project/CS3421_RRK_Processor.v Line: 454
    Info (12023): Found entity 12: equalToZero File: D:/School/College_Year3_Semester1/CS3421 - R01 - ComputerOrganization/Processor_Project/CS3421_RRK_Processor.v Line: 483
    Info (12023): Found entity 13: mux2to1 File: D:/School/College_Year3_Semester1/CS3421 - R01 - ComputerOrganization/Processor_Project/CS3421_RRK_Processor.v Line: 499
    Info (12023): Found entity 14: mux4to1 File: D:/School/College_Year3_Semester1/CS3421 - R01 - ComputerOrganization/Processor_Project/CS3421_RRK_Processor.v Line: 518
    Info (12023): Found entity 15: adder32 File: D:/School/College_Year3_Semester1/CS3421 - R01 - ComputerOrganization/Processor_Project/CS3421_RRK_Processor.v Line: 534
    Info (12023): Found entity 16: adder4 File: D:/School/College_Year3_Semester1/CS3421 - R01 - ComputerOrganization/Processor_Project/CS3421_RRK_Processor.v Line: 549
    Info (12023): Found entity 17: zeroExtender File: D:/School/College_Year3_Semester1/CS3421 - R01 - ComputerOrganization/Processor_Project/CS3421_RRK_Processor.v Line: 564
Info (12021): Found 1 design units, including 1 entities, in source file testbench_processor_final.v
    Info (12023): Found entity 1: TestBench_Processor_Final File: D:/School/College_Year3_Semester1/CS3421 - R01 - ComputerOrganization/Processor_Project/TestBench_Processor_Final.v Line: 12
Info (12127): Elaborating entity "CS3421_RRK_Processor" for the top level hierarchy
Info (12128): Elaborating entity "DataClock" for hierarchy "DataClock:DC_1" File: D:/School/College_Year3_Semester1/CS3421 - R01 - ComputerOrganization/Processor_Project/CS3421_RRK_Processor.v Line: 76
Info (12128): Elaborating entity "mux2to1" for hierarchy "mux2to1:PC_Mux_1" File: D:/School/College_Year3_Semester1/CS3421 - R01 - ComputerOrganization/Processor_Project/CS3421_RRK_Processor.v Line: 79
Info (12128): Elaborating entity "Program_Counter" for hierarchy "Program_Counter:PC" File: D:/School/College_Year3_Semester1/CS3421 - R01 - ComputerOrganization/Processor_Project/CS3421_RRK_Processor.v Line: 82
Info (12128): Elaborating entity "adder32" for hierarchy "adder32:PCPlus4_Mux" File: D:/School/College_Year3_Semester1/CS3421 - R01 - ComputerOrganization/Processor_Project/CS3421_RRK_Processor.v Line: 84
Info (12128): Elaborating entity "adder4" for hierarchy "adder32:PCPlus4_Mux|adder4:adder4_0" File: D:/School/College_Year3_Semester1/CS3421 - R01 - ComputerOrganization/Processor_Project/CS3421_RRK_Processor.v Line: 537
Info (12128): Elaborating entity "Instruction_Memory" for hierarchy "Instruction_Memory:InstMem" File: D:/School/College_Year3_Semester1/CS3421 - R01 - ComputerOrganization/Processor_Project/CS3421_RRK_Processor.v Line: 86
Warning (10850): Verilog HDL warning at CS3421_RRK_Processor.v(152): number of words (9) in memory file does not match the number of elements in the address range [0:1023] File: D:/School/College_Year3_Semester1/CS3421 - R01 - ComputerOrganization/Processor_Project/CS3421_RRK_Processor.v Line: 152
Warning (10030): Net "insructionMemory.data_a" at CS3421_RRK_Processor.v(149) has no driver or initial value, using a default initial value '0' File: D:/School/College_Year3_Semester1/CS3421 - R01 - ComputerOrganization/Processor_Project/CS3421_RRK_Processor.v Line: 149
Warning (10030): Net "insructionMemory.waddr_a" at CS3421_RRK_Processor.v(149) has no driver or initial value, using a default initial value '0' File: D:/School/College_Year3_Semester1/CS3421 - R01 - ComputerOrganization/Processor_Project/CS3421_RRK_Processor.v Line: 149
Warning (10030): Net "insructionMemory.we_a" at CS3421_RRK_Processor.v(149) has no driver or initial value, using a default initial value '0' File: D:/School/College_Year3_Semester1/CS3421 - R01 - ComputerOrganization/Processor_Project/CS3421_RRK_Processor.v Line: 149
Info (12128): Elaborating entity "Jump_Shift" for hierarchy "Jump_Shift:Jump_Shift_1" File: D:/School/College_Year3_Semester1/CS3421 - R01 - ComputerOrganization/Processor_Project/CS3421_RRK_Processor.v Line: 96
Info (12128): Elaborating entity "mux2to1_5" for hierarchy "mux2to1_5:WriteReg_Mux" File: D:/School/College_Year3_Semester1/CS3421 - R01 - ComputerOrganization/Processor_Project/CS3421_RRK_Processor.v Line: 98
Info (12128): Elaborating entity "Register_File" for hierarchy "Register_File:RegFile" File: D:/School/College_Year3_Semester1/CS3421 - R01 - ComputerOrganization/Processor_Project/CS3421_RRK_Processor.v Line: 100
Info (12128): Elaborating entity "Sign_Extend" for hierarchy "Sign_Extend:Sign_Extend_1" File: D:/School/College_Year3_Semester1/CS3421 - R01 - ComputerOrganization/Processor_Project/CS3421_RRK_Processor.v Line: 106
Info (12128): Elaborating entity "ALU" for hierarchy "ALU:ArithLogUnit" File: D:/School/College_Year3_Semester1/CS3421 - R01 - ComputerOrganization/Processor_Project/CS3421_RRK_Processor.v Line: 112
Info (12128): Elaborating entity "zeroExtender" for hierarchy "ALU:ArithLogUnit|zeroExtender:zeroExtender_1" File: D:/School/College_Year3_Semester1/CS3421 - R01 - ComputerOrganization/Processor_Project/CS3421_RRK_Processor.v Line: 474
Info (12128): Elaborating entity "mux4to1" for hierarchy "ALU:ArithLogUnit|mux4to1:mux4to1_1" File: D:/School/College_Year3_Semester1/CS3421 - R01 - ComputerOrganization/Processor_Project/CS3421_RRK_Processor.v Line: 476
Info (12128): Elaborating entity "equalToZero" for hierarchy "ALU:ArithLogUnit|equalToZero:equalToZero_1" File: D:/School/College_Year3_Semester1/CS3421 - R01 - ComputerOrganization/Processor_Project/CS3421_RRK_Processor.v Line: 478
Info (12128): Elaborating entity "Data_Memory" for hierarchy "Data_Memory:DataMem" File: D:/School/College_Year3_Semester1/CS3421 - R01 - ComputerOrganization/Processor_Project/CS3421_RRK_Processor.v Line: 116
Info (12128): Elaborating entity "Control_Unit" for hierarchy "Control_Unit:CLU" File: D:/School/College_Year3_Semester1/CS3421 - R01 - ComputerOrganization/Processor_Project/CS3421_RRK_Processor.v Line: 120
Warning (276027): Inferred dual-clock RAM node "Register_File:RegFile|gpReg_rtl_0" from synchronous design logic.  The read-during-write behavior of a dual-clock RAM is undefined and may not match the behavior of the original design.
Warning (276027): Inferred dual-clock RAM node "Register_File:RegFile|gpReg_rtl_1" from synchronous design logic.  The read-during-write behavior of a dual-clock RAM is undefined and may not match the behavior of the original design.
Warning (127007): Memory Initialization File or Hexadecimal (Intel-Format) File "D:/School/College_Year3_Semester1/CS3421 - R01 - ComputerOrganization/Processor_Project/db/CS3421_RRK_Processor.ram0_Instruction_Memory_6c21a04c.hdl.mif" contains "don't care" values -- overwriting them with 0s
Info (19000): Inferred 3 megafunctions from design logic
    Info (276029): Inferred altsyncram megafunction from the following design logic: "Register_File:RegFile|gpReg_rtl_0" 
        Info (286033): Parameter OPERATION_MODE set to DUAL_PORT
        Info (286033): Parameter WIDTH_A set to 32
        Info (286033): Parameter WIDTHAD_A set to 5
        Info (286033): Parameter NUMWORDS_A set to 32
        Info (286033): Parameter WIDTH_B set to 32
        Info (286033): Parameter WIDTHAD_B set to 5
        Info (286033): Parameter NUMWORDS_B set to 32
        Info (286033): Parameter ADDRESS_ACLR_A set to NONE
        Info (286033): Parameter OUTDATA_REG_B set to UNREGISTERED
        Info (286033): Parameter ADDRESS_ACLR_B set to NONE
        Info (286033): Parameter OUTDATA_ACLR_B set to NONE
        Info (286033): Parameter ADDRESS_REG_B set to CLOCK1
        Info (286033): Parameter INDATA_ACLR_A set to NONE
        Info (286033): Parameter WRCONTROL_ACLR_A set to NONE
        Info (286033): Parameter INIT_FILE set to db/CS3421_RRK_Processor.ram0_Register_File_605be989.hdl.mif
    Info (276029): Inferred altsyncram megafunction from the following design logic: "Register_File:RegFile|gpReg_rtl_1" 
        Info (286033): Parameter OPERATION_MODE set to DUAL_PORT
        Info (286033): Parameter WIDTH_A set to 32
        Info (286033): Parameter WIDTHAD_A set to 5
        Info (286033): Parameter NUMWORDS_A set to 32
        Info (286033): Parameter WIDTH_B set to 32
        Info (286033): Parameter WIDTHAD_B set to 5
        Info (286033): Parameter NUMWORDS_B set to 32
        Info (286033): Parameter ADDRESS_ACLR_A set to NONE
        Info (286033): Parameter OUTDATA_REG_B set to UNREGISTERED
        Info (286033): Parameter ADDRESS_ACLR_B set to NONE
        Info (286033): Parameter OUTDATA_ACLR_B set to NONE
        Info (286033): Parameter ADDRESS_REG_B set to CLOCK1
        Info (286033): Parameter INDATA_ACLR_A set to NONE
        Info (286033): Parameter WRCONTROL_ACLR_A set to NONE
        Info (286033): Parameter INIT_FILE set to db/CS3421_RRK_Processor.ram0_Register_File_605be989.hdl.mif
    Info (276029): Inferred altsyncram megafunction from the following design logic: "Data_Memory:DataMem|dataMemory_rtl_0" 
        Info (286033): Parameter OPERATION_MODE set to SINGLE_PORT
        Info (286033): Parameter WIDTH_A set to 32
        Info (286033): Parameter WIDTHAD_A set to 10
        Info (286033): Parameter NUMWORDS_A set to 1024
        Info (286033): Parameter OUTDATA_REG_A set to UNREGISTERED
        Info (286033): Parameter ADDRESS_ACLR_A set to NONE
        Info (286033): Parameter OUTDATA_ACLR_A set to NONE
        Info (286033): Parameter READ_DURING_WRITE_MODE_PORT_A set to OLD_DATA
        Info (286033): Parameter INDATA_ACLR_A set to NONE
        Info (286033): Parameter WRCONTROL_ACLR_A set to NONE
Info (12130): Elaborated megafunction instantiation "Register_File:RegFile|altsyncram:gpReg_rtl_0"
Info (12133): Instantiated megafunction "Register_File:RegFile|altsyncram:gpReg_rtl_0" with the following parameter:
    Info (12134): Parameter "OPERATION_MODE" = "DUAL_PORT"
    Info (12134): Parameter "WIDTH_A" = "32"
    Info (12134): Parameter "WIDTHAD_A" = "5"
    Info (12134): Parameter "NUMWORDS_A" = "32"
    Info (12134): Parameter "WIDTH_B" = "32"
    Info (12134): Parameter "WIDTHAD_B" = "5"
    Info (12134): Parameter "NUMWORDS_B" = "32"
    Info (12134): Parameter "ADDRESS_ACLR_A" = "NONE"
    Info (12134): Parameter "OUTDATA_REG_B" = "UNREGISTERED"
    Info (12134): Parameter "ADDRESS_ACLR_B" = "NONE"
    Info (12134): Parameter "OUTDATA_ACLR_B" = "NONE"
    Info (12134): Parameter "ADDRESS_REG_B" = "CLOCK1"
    Info (12134): Parameter "INDATA_ACLR_A" = "NONE"
    Info (12134): Parameter "WRCONTROL_ACLR_A" = "NONE"
    Info (12134): Parameter "INIT_FILE" = "db/CS3421_RRK_Processor.ram0_Register_File_605be989.hdl.mif"
Info (12021): Found 1 design units, including 1 entities, in source file db/altsyncram_6bj1.tdf
    Info (12023): Found entity 1: altsyncram_6bj1 File: D:/School/College_Year3_Semester1/CS3421 - R01 - ComputerOrganization/Processor_Project/db/altsyncram_6bj1.tdf Line: 27
Info (12130): Elaborated megafunction instantiation "Data_Memory:DataMem|altsyncram:dataMemory_rtl_0"
Info (12133): Instantiated megafunction "Data_Memory:DataMem|altsyncram:dataMemory_rtl_0" with the following parameter:
    Info (12134): Parameter "OPERATION_MODE" = "SINGLE_PORT"
    Info (12134): Parameter "WIDTH_A" = "32"
    Info (12134): Parameter "WIDTHAD_A" = "10"
    Info (12134): Parameter "NUMWORDS_A" = "1024"
    Info (12134): Parameter "OUTDATA_REG_A" = "UNREGISTERED"
    Info (12134): Parameter "ADDRESS_ACLR_A" = "NONE"
    Info (12134): Parameter "OUTDATA_ACLR_A" = "NONE"
    Info (12134): Parameter "READ_DURING_WRITE_MODE_PORT_A" = "OLD_DATA"
    Info (12134): Parameter "INDATA_ACLR_A" = "NONE"
    Info (12134): Parameter "WRCONTROL_ACLR_A" = "NONE"
Info (12021): Found 1 design units, including 1 entities, in source file db/altsyncram_eg81.tdf
    Info (12023): Found entity 1: altsyncram_eg81 File: D:/School/College_Year3_Semester1/CS3421 - R01 - ComputerOrganization/Processor_Project/db/altsyncram_eg81.tdf Line: 27
Warning (13024): Output pins are stuck at VCC or GND
    Warning (13410): Pin "Instruction[19]" is stuck at GND File: D:/School/College_Year3_Semester1/CS3421 - R01 - ComputerOrganization/Processor_Project/CS3421_RRK_Processor.v Line: 10
    Warning (13410): Pin "Instruction[20]" is stuck at GND File: D:/School/College_Year3_Semester1/CS3421 - R01 - ComputerOrganization/Processor_Project/CS3421_RRK_Processor.v Line: 10
    Warning (13410): Pin "Instruction[24]" is stuck at GND File: D:/School/College_Year3_Semester1/CS3421 - R01 - ComputerOrganization/Processor_Project/CS3421_RRK_Processor.v Line: 10
    Warning (13410): Pin "Instruction[25]" is stuck at GND File: D:/School/College_Year3_Semester1/CS3421 - R01 - ComputerOrganization/Processor_Project/CS3421_RRK_Processor.v Line: 10
    Warning (13410): Pin "Instruction[30]" is stuck at GND File: D:/School/College_Year3_Semester1/CS3421 - R01 - ComputerOrganization/Processor_Project/CS3421_RRK_Processor.v Line: 10
    Warning (13410): Pin "Jump" is stuck at GND File: D:/School/College_Year3_Semester1/CS3421 - R01 - ComputerOrganization/Processor_Project/CS3421_RRK_Processor.v Line: 11
Info (286030): Timing-Driven Synthesis is running
Info (16010): Generating hard_block partition "hard_block:auto_generated_inst"
    Info (16011): Adding 0 node(s), including 0 DDIO, 0 PLL, 0 transceiver and 0 LCELL
Info (21057): Implemented 576 device resources after synthesis - the final resource count might be different
    Info (21058): Implemented 1 input pins
    Info (21059): Implemented 98 output pins
    Info (21061): Implemented 381 logic cells
    Info (21064): Implemented 96 RAM segments
Info: Quartus Prime Analysis & Synthesis was successful. 0 errors, 15 warnings
    Info: Peak virtual memory: 706 megabytes
    Info: Processing ended: Thu Dec 13 13:46:58 2018
    Info: Elapsed time: 00:00:17
    Info: Total CPU time (on all processors): 00:00:35


